<?xml version="1.0" encoding="UTF-8"?>
<!-- Generated by org.testng.reporters.JUnitReportReporter -->
<testsuite skipped="0" hostname="welcome-PC" name="com.zoopla.qa.testcases.AgentPageTest" tests="1" failures="0" timestamp="19 Jun 2019 16:44:08 GMT" time="94.700" errors="0">
  <testcase name="verifyAgentDetailsTest" time="94.700" classname="com.zoopla.qa.testcases.AgentPageTest"/>
</testsuite> <!-- com.zoopla.qa.testcases.AgentPageTest -->
