<?xml version="1.0" encoding="UTF-8"?>
<!-- Generated by org.testng.reporters.JUnitReportReporter -->
<testsuite skipped="0" hostname="welcome-PC" name="com.zoopla.qa.testcases.SearchPageTest" tests="1" failures="0" timestamp="19 Jun 2019 16:30:26 GMT" time="58.500" errors="0">
  <testcase name="agentVerifyTest" time="58.500" classname="com.zoopla.qa.testcases.SearchPageTest"/>
</testsuite> <!-- com.zoopla.qa.testcases.SearchPageTest -->
